<?xml version="1.0" encoding="UTF-8"?>
<!-- Generated by org.testng.reporters.JUnitReportReporter -->
<testsuite hostname="LAPTOP-VP7T7GP6" failures="0" tests="2" name="Test.Testmain" time="0.002" errors="0" timestamp="2021-07-18T16:10:10 IST" skipped="0">
  <testcase classname="Test.Testmain" name="test2" time="0.001"/>
  <system-out/>
  <testcase classname="Test.Testmain" name="test1" time="0.001"/>
  <system-out/>
</testsuite> <!-- Test.Testmain -->
